2019-05-25 11:06:55 INFO  EmployeeRestApi:18 - ****Started TC1_get******
2019-05-25 11:07:02 INFO  EmployeeRestApi:57 - *********** Checking status Line*********
2019-05-25 11:07:02 INFO  EmployeeRestApi:59 - Statusline:HTTP/1.1 200 OK
2019-05-25 11:07:02 INFO  EmployeeRestApi:36 - 200
2019-05-25 11:07:02 INFO  EmployeeRestApi:68 - ******* Checking content type **********
2019-05-25 11:07:02 INFO  EmployeeRestApi:70 - Content type is:text/html; charset=UTF-8
2019-05-25 11:07:02 INFO  EmployeeRestApi:28 - [{"id":"10661","employee_name":"Anto","employee_salary":"30000","employee_age":"12","profile_image":""},{"id":"10663","employee_name":"Anton2","employee_salary":"2000","employee_age":"20","profile_image":""},{"id":"10665","employee_name":"RaviSankarUpdated","employee_salary":"150000","employee_age":"23","profile_image":""},{"id":"10666","employee_name":"Raa","employee_salary":"526000","employee_age":"33","profile_image":""},{"id":"10667","employee_name":"Purna","employee_salary":"51","employee_age":"23","profile_image":""},{"id":"10670","employee_name":"EMP1","employee_salary":"25000","employee_age":"25","profile_image":""},{"id":"10676","employee_name":"RaviSankar","employee_salary":"50000","employee_age":"23","profile_image":""},{"id":"10677","employee_name":"Nagarajan Palavesam","employee_salary":"50000","employee_age":"27","profile_image":""},{"id":"10680","employee_name":"Pattanayak","employee_salary":"124543","employee_age":"22","profile_image":""},{"id":"10682","employee_name":"Anton","employee_salary":"4500","employee_age":"40","profile_image":""},{"id":"10683","employee_name":"Vadim","employee_salary":"3000","employee_age":"30","profile_image":""},{"id":"10684","employee_name":"Ruslan","employee_salary":"3454","employee_age":"18","profile_image":""},{"id":"10685","employee_name":"Anton77","employee_salary":"20000","employee_age":"25","profile_image":""},{"id":"10686","employee_name":"Anton78","employee_salary":"20000","employee_age":"25","profile_image":""},{"id":"10687","employee_name":"Anton71","employee_salary":"20000","employee_age":"25","profile_image":""},{"id":"10688","employee_name":"rahul","employee_salary":"6000","employee_age":"56","profile_image":""},{"id":"10689","employee_name":"Anton33","employee_salary":"20000","employee_age":"25","profile_image":""},{"id":"10691","employee_name":"cxascac","employee_salary":"3333","employee_age":"33","profile_image":""},{"id":"10692","employee_name":"Anton355","employee_salary":"20000","employee_age":"25","profile_image":""},{"id":"10693","employee_name":"Anton356","employee_salary":"20000","employee_age":"25","profile_image":""},{"id":"10694","employee_name":"George","employee_salary":"22033","employee_age":"40","profile_image":""},{"id":"10695","employee_name":"testqwer","employee_salary":"1233","employee_age":"123","profile_image":""},{"id":"10697","employee_name":"tesdddtqwer","employee_salary":"1233","employee_age":"123","profile_image":""},{"id":"10698","employee_name":"Amit Negi111","employee_salary":"123456","employee_age":"44","profile_image":""},{"id":"10701","employee_name":"Anton352","employee_salary":"20000","employee_age":"25","profile_image":""},{"id":"10704","employee_name":"Anton3577","employee_salary":"20000","employee_age":"25","profile_image":""},{"id":"10717","employee_name":"Mat1","employee_salary":"3000","employee_age":"30","profile_image":""},{"id":"10718","employee_name":"Andrey1","employee_salary":"1000","employee_age":"25","profile_image":""},{"id":"10721","employee_name":"Andrey2","employee_salary":"1000","employee_age":"25","profile_image":""},{"id":"10722","employee_name":"Andrey3","employee_salary":"1000","employee_age":"25","profile_image":""},{"id":"10723","employee_name":"Andrey55","employee_salary":"1000","employee_age":"25","profile_image":""},{"id":"10724","employee_name":"Andrey5666","employee_salary":"1000","employee_age":"25","profile_image":""},{"id":"10738","employee_name":"Andrey56633","employee_salary":"1000","employee_age":"25","profile_image":""},{"id":"10739","employee_name":"Andrey566333","employee_salary":"1000","employee_age":"25","profile_image":""},{"id":"10740","employee_name":"Andrey561333","employee_salary":"1000","employee_age":"25","profile_image":""},{"id":"10741","employee_name":"Mat21","employee_salary":"3000","employee_age":"30","profile_image":""},{"id":"10742","employee_name":"Slava123","employee_salary":"3500","employee_age":"50","profile_image":""},{"id":"10743","employee_name":"Andrey56123333","employee_salary":"1000","employee_age":"25","profile_image":""},{"id":"10744","employee_name":"Mat2431","employee_salary":"3000","employee_age":"30","profile_image":""},{"id":"10745","employee_name":"Slava12343","employee_salary":"3500","employee_age":"50","profile_image":""},{"id":"10747","employee_name":"Andrey56123f333","employee_salary":"1000","employee_age":"25","profile_image":""},{"id":"10748","employee_name":"Fahriansyah","employee_salary":"1200000","employee_age":"18","profile_image":""},{"id":"10750","employee_name":"daniyal","employee_salary":"123","employee_age":"23","profile_image":""},{"id":"10751","employee_name":"PerfTestJmeter","employee_salary":"1123","employee_age":"28","profile_image":""},{"id":"10752","employee_name":"test","employee_salary":"123","employee_age":"23","profile_image":""},{"id":"10768","employee_name":"Andrey5612ff3f333","employee_salary":"1000","employee_age":"25","profile_image":""},{"id":"10772","employee_name":"And","employee_salary":"1000","employee_age":"25","profile_image":""},{"id":"10773","employee_name":"Ma","employee_salary":"3000","employee_age":"30","profile_image":""},{"id":"10774","employee_name":"Svy","employee_salary":"3500","employee_age":"50","profile_image":""},{"id":"10780","employee_name":"Andw","employee_salary":"1000","employee_age":"25","profile_image":""},{"id":"10781","employee_name":"Mar","employee_salary":"3000","employee_age":"30","profile_image":""},{"id":"10782","employee_name":"Svrwy","employee_salary":"3500","employee_age":"50","profile_image":""},{"id":"10788","employee_name":"Anfdw","employee_salary":"1000","employee_age":"25","profile_image":""},{"id":"10789","employee_name":"Marsffd","employee_salary":"3000","employee_age":"30","profile_image":""},{"id":"10790","employee_name":"Svrwsdfy","employee_salary":"3500","employee_age":"50","profile_image":""}]
2019-05-25 11:07:02 INFO  EmployeeRestApi:44 - ******Checking Response Time********
2019-05-25 11:07:02 INFO  EmployeeRestApi:46 - Response time is:2130
2019-05-25 11:07:02 WARN  EmployeeRestApi:49 - Response time is greater than 2000
2019-05-25 11:08:18 INFO  EmployeeRestApi:18 - ****Started TC1_get******
2019-05-25 11:08:20 INFO  EmployeeRestApi:57 - *********** Checking status Line*********
2019-05-25 11:08:20 INFO  EmployeeRestApi:59 - Statusline:HTTP/1.1 200 OK
2019-05-25 11:08:20 INFO  EmployeeRestApi:36 - 200
2019-05-25 11:08:20 INFO  EmployeeRestApi:68 - ******* Checking content type **********
2019-05-25 11:08:20 INFO  EmployeeRestApi:70 - Content type is:text/html; charset=UTF-8
2019-05-25 11:08:20 INFO  EmployeeRestApi:28 - [{"id":"10661","employee_name":"Anto","employee_salary":"30000","employee_age":"12","profile_image":""},{"id":"10663","employee_name":"Anton2","employee_salary":"2000","employee_age":"20","profile_image":""},{"id":"10665","employee_name":"RaviSankarUpdated","employee_salary":"150000","employee_age":"23","profile_image":""},{"id":"10666","employee_name":"Raa","employee_salary":"526000","employee_age":"33","profile_image":""},{"id":"10667","employee_name":"Purna","employee_salary":"51","employee_age":"23","profile_image":""},{"id":"10670","employee_name":"EMP1","employee_salary":"25000","employee_age":"25","profile_image":""},{"id":"10676","employee_name":"RaviSankar","employee_salary":"50000","employee_age":"23","profile_image":""},{"id":"10677","employee_name":"Nagarajan Palavesam","employee_salary":"50000","employee_age":"27","profile_image":""},{"id":"10680","employee_name":"Pattanayak","employee_salary":"124543","employee_age":"22","profile_image":""},{"id":"10682","employee_name":"Anton","employee_salary":"4500","employee_age":"40","profile_image":""},{"id":"10683","employee_name":"Vadim","employee_salary":"3000","employee_age":"30","profile_image":""},{"id":"10684","employee_name":"Ruslan","employee_salary":"3454","employee_age":"18","profile_image":""},{"id":"10685","employee_name":"Anton77","employee_salary":"20000","employee_age":"25","profile_image":""},{"id":"10686","employee_name":"Anton78","employee_salary":"20000","employee_age":"25","profile_image":""},{"id":"10687","employee_name":"Anton71","employee_salary":"20000","employee_age":"25","profile_image":""},{"id":"10688","employee_name":"rahul","employee_salary":"6000","employee_age":"56","profile_image":""},{"id":"10689","employee_name":"Anton33","employee_salary":"20000","employee_age":"25","profile_image":""},{"id":"10691","employee_name":"cxascac","employee_salary":"3333","employee_age":"33","profile_image":""},{"id":"10692","employee_name":"Anton355","employee_salary":"20000","employee_age":"25","profile_image":""},{"id":"10693","employee_name":"Anton356","employee_salary":"20000","employee_age":"25","profile_image":""},{"id":"10694","employee_name":"George","employee_salary":"22033","employee_age":"40","profile_image":""},{"id":"10695","employee_name":"testqwer","employee_salary":"1233","employee_age":"123","profile_image":""},{"id":"10697","employee_name":"tesdddtqwer","employee_salary":"1233","employee_age":"123","profile_image":""},{"id":"10698","employee_name":"Amit Negi111","employee_salary":"123456","employee_age":"44","profile_image":""},{"id":"10701","employee_name":"Anton352","employee_salary":"20000","employee_age":"25","profile_image":""},{"id":"10704","employee_name":"Anton3577","employee_salary":"20000","employee_age":"25","profile_image":""},{"id":"10717","employee_name":"Mat1","employee_salary":"3000","employee_age":"30","profile_image":""},{"id":"10718","employee_name":"Andrey1","employee_salary":"1000","employee_age":"25","profile_image":""},{"id":"10721","employee_name":"Andrey2","employee_salary":"1000","employee_age":"25","profile_image":""},{"id":"10722","employee_name":"Andrey3","employee_salary":"1000","employee_age":"25","profile_image":""},{"id":"10723","employee_name":"Andrey55","employee_salary":"1000","employee_age":"25","profile_image":""},{"id":"10724","employee_name":"Andrey5666","employee_salary":"1000","employee_age":"25","profile_image":""},{"id":"10738","employee_name":"Andrey56633","employee_salary":"1000","employee_age":"25","profile_image":""},{"id":"10739","employee_name":"Andrey566333","employee_salary":"1000","employee_age":"25","profile_image":""},{"id":"10740","employee_name":"Andrey561333","employee_salary":"1000","employee_age":"25","profile_image":""},{"id":"10741","employee_name":"Mat21","employee_salary":"3000","employee_age":"30","profile_image":""},{"id":"10742","employee_name":"Slava123","employee_salary":"3500","employee_age":"50","profile_image":""},{"id":"10743","employee_name":"Andrey56123333","employee_salary":"1000","employee_age":"25","profile_image":""},{"id":"10744","employee_name":"Mat2431","employee_salary":"3000","employee_age":"30","profile_image":""},{"id":"10745","employee_name":"Slava12343","employee_salary":"3500","employee_age":"50","profile_image":""},{"id":"10747","employee_name":"Andrey56123f333","employee_salary":"1000","employee_age":"25","profile_image":""},{"id":"10748","employee_name":"Fahriansyah","employee_salary":"1200000","employee_age":"18","profile_image":""},{"id":"10750","employee_name":"daniyal","employee_salary":"123","employee_age":"23","profile_image":""},{"id":"10751","employee_name":"PerfTestJmeter","employee_salary":"1123","employee_age":"28","profile_image":""},{"id":"10752","employee_name":"test","employee_salary":"123","employee_age":"23","profile_image":""},{"id":"10768","employee_name":"Andrey5612ff3f333","employee_salary":"1000","employee_age":"25","profile_image":""},{"id":"10772","employee_name":"And","employee_salary":"1000","employee_age":"25","profile_image":""},{"id":"10773","employee_name":"Ma","employee_salary":"3000","employee_age":"30","profile_image":""},{"id":"10774","employee_name":"Svy","employee_salary":"3500","employee_age":"50","profile_image":""},{"id":"10780","employee_name":"Andw","employee_salary":"1000","employee_age":"25","profile_image":""},{"id":"10781","employee_name":"Mar","employee_salary":"3000","employee_age":"30","profile_image":""},{"id":"10782","employee_name":"Svrwy","employee_salary":"3500","employee_age":"50","profile_image":""},{"id":"10788","employee_name":"Anfdw","employee_salary":"1000","employee_age":"25","profile_image":""},{"id":"10789","employee_name":"Marsffd","employee_salary":"3000","employee_age":"30","profile_image":""},{"id":"10790","employee_name":"Svrwsdfy","employee_salary":"3500","employee_age":"50","profile_image":""}]
2019-05-25 11:08:20 INFO  EmployeeRestApi:44 - ******Checking Response Time********
2019-05-25 11:08:20 INFO  EmployeeRestApi:46 - Response time is:1430
2019-05-25 11:10:31 INFO  EmployeeRestApi:18 - ****Started TC1_get******
2019-05-25 11:10:33 INFO  EmployeeRestApi:57 - *********** Checking status Line*********
2019-05-25 11:10:33 INFO  EmployeeRestApi:59 - Statusline:HTTP/1.1 200 OK
2019-05-25 11:10:33 INFO  EmployeeRestApi:36 - 200
2019-05-25 11:10:33 INFO  EmployeeRestApi:68 - ******* Checking content type **********
2019-05-25 11:10:33 INFO  EmployeeRestApi:70 - Content type is:text/html; charset=UTF-8
2019-05-25 11:10:33 INFO  EmployeeRestApi:28 - [{"id":"10661","employee_name":"Anto","employee_salary":"30000","employee_age":"12","profile_image":""},{"id":"10663","employee_name":"Anton2","employee_salary":"2000","employee_age":"20","profile_image":""},{"id":"10665","employee_name":"RaviSankarUpdated","employee_salary":"150000","employee_age":"23","profile_image":""},{"id":"10666","employee_name":"Raa","employee_salary":"526000","employee_age":"33","profile_image":""},{"id":"10667","employee_name":"Purna","employee_salary":"51","employee_age":"23","profile_image":""},{"id":"10670","employee_name":"EMP1","employee_salary":"25000","employee_age":"25","profile_image":""},{"id":"10676","employee_name":"RaviSankar","employee_salary":"50000","employee_age":"23","profile_image":""},{"id":"10677","employee_name":"Nagarajan Palavesam","employee_salary":"50000","employee_age":"27","profile_image":""},{"id":"10680","employee_name":"Pattanayak","employee_salary":"124543","employee_age":"22","profile_image":""},{"id":"10682","employee_name":"Anton","employee_salary":"4500","employee_age":"40","profile_image":""},{"id":"10683","employee_name":"Vadim","employee_salary":"3000","employee_age":"30","profile_image":""},{"id":"10684","employee_name":"Ruslan","employee_salary":"3454","employee_age":"18","profile_image":""},{"id":"10685","employee_name":"Anton77","employee_salary":"20000","employee_age":"25","profile_image":""},{"id":"10686","employee_name":"Anton78","employee_salary":"20000","employee_age":"25","profile_image":""},{"id":"10687","employee_name":"Anton71","employee_salary":"20000","employee_age":"25","profile_image":""},{"id":"10688","employee_name":"rahul","employee_salary":"6000","employee_age":"56","profile_image":""},{"id":"10689","employee_name":"Anton33","employee_salary":"20000","employee_age":"25","profile_image":""},{"id":"10691","employee_name":"cxascac","employee_salary":"3333","employee_age":"33","profile_image":""},{"id":"10692","employee_name":"Anton355","employee_salary":"20000","employee_age":"25","profile_image":""},{"id":"10693","employee_name":"Anton356","employee_salary":"20000","employee_age":"25","profile_image":""},{"id":"10694","employee_name":"George","employee_salary":"22033","employee_age":"40","profile_image":""},{"id":"10695","employee_name":"testqwer","employee_salary":"1233","employee_age":"123","profile_image":""},{"id":"10697","employee_name":"tesdddtqwer","employee_salary":"1233","employee_age":"123","profile_image":""},{"id":"10698","employee_name":"Amit Negi111","employee_salary":"123456","employee_age":"44","profile_image":""},{"id":"10701","employee_name":"Anton352","employee_salary":"20000","employee_age":"25","profile_image":""},{"id":"10704","employee_name":"Anton3577","employee_salary":"20000","employee_age":"25","profile_image":""},{"id":"10717","employee_name":"Mat1","employee_salary":"3000","employee_age":"30","profile_image":""},{"id":"10718","employee_name":"Andrey1","employee_salary":"1000","employee_age":"25","profile_image":""},{"id":"10721","employee_name":"Andrey2","employee_salary":"1000","employee_age":"25","profile_image":""},{"id":"10722","employee_name":"Andrey3","employee_salary":"1000","employee_age":"25","profile_image":""},{"id":"10723","employee_name":"Andrey55","employee_salary":"1000","employee_age":"25","profile_image":""},{"id":"10724","employee_name":"Andrey5666","employee_salary":"1000","employee_age":"25","profile_image":""},{"id":"10738","employee_name":"Andrey56633","employee_salary":"1000","employee_age":"25","profile_image":""},{"id":"10739","employee_name":"Andrey566333","employee_salary":"1000","employee_age":"25","profile_image":""},{"id":"10740","employee_name":"Andrey561333","employee_salary":"1000","employee_age":"25","profile_image":""},{"id":"10741","employee_name":"Mat21","employee_salary":"3000","employee_age":"30","profile_image":""},{"id":"10742","employee_name":"Slava123","employee_salary":"3500","employee_age":"50","profile_image":""},{"id":"10743","employee_name":"Andrey56123333","employee_salary":"1000","employee_age":"25","profile_image":""},{"id":"10744","employee_name":"Mat2431","employee_salary":"3000","employee_age":"30","profile_image":""},{"id":"10745","employee_name":"Slava12343","employee_salary":"3500","employee_age":"50","profile_image":""},{"id":"10747","employee_name":"Andrey56123f333","employee_salary":"1000","employee_age":"25","profile_image":""},{"id":"10748","employee_name":"Fahriansyah","employee_salary":"1200000","employee_age":"18","profile_image":""},{"id":"10750","employee_name":"daniyal","employee_salary":"123","employee_age":"23","profile_image":""},{"id":"10751","employee_name":"PerfTestJmeter","employee_salary":"1123","employee_age":"28","profile_image":""},{"id":"10752","employee_name":"test","employee_salary":"123","employee_age":"23","profile_image":""},{"id":"10768","employee_name":"Andrey5612ff3f333","employee_salary":"1000","employee_age":"25","profile_image":""},{"id":"10772","employee_name":"And","employee_salary":"1000","employee_age":"25","profile_image":""},{"id":"10773","employee_name":"Ma","employee_salary":"3000","employee_age":"30","profile_image":""},{"id":"10774","employee_name":"Svy","employee_salary":"3500","employee_age":"50","profile_image":""},{"id":"10780","employee_name":"Andw","employee_salary":"1000","employee_age":"25","profile_image":""},{"id":"10781","employee_name":"Mar","employee_salary":"3000","employee_age":"30","profile_image":""},{"id":"10782","employee_name":"Svrwy","employee_salary":"3500","employee_age":"50","profile_image":""},{"id":"10788","employee_name":"Anfdw","employee_salary":"1000","employee_age":"25","profile_image":""},{"id":"10789","employee_name":"Marsffd","employee_salary":"3000","employee_age":"30","profile_image":""},{"id":"10790","employee_name":"Svrwsdfy","employee_salary":"3500","employee_age":"50","profile_image":""},{"id":"10799","employee_name":"testhjsj","employee_salary":"123","employee_age":"23","profile_image":""}]
2019-05-25 11:10:33 INFO  EmployeeRestApi:44 - ******Checking Response Time********
2019-05-25 11:10:33 INFO  EmployeeRestApi:46 - Response time is:1399
2019-05-25 12:02:47 INFO  EmployeeRestApi:74 - *********** Checking status Line*********
2019-05-25 12:02:47 INFO  EmployeeRestApi:23 - ******* Started TC2_post*
2019-05-25 12:02:54 INFO  EmployeeRestApi:53 - 200
2019-05-25 12:02:54 INFO  EmployeeRestApi:85 - ******* Checking content type **********
2019-05-25 12:02:54 INFO  EmployeeRestApi:87 - Content type is:text/html; charset=UTF-8
2019-05-25 12:02:54 INFO  EmployeeRestApi:45 - {"name":"abcu","salary":"35957","age":"86","id":"10835"}
2019-05-25 12:02:54 INFO  EmployeeRestApi:61 - ******Checking Response Time********
2019-05-25 12:02:54 INFO  EmployeeRestApi:63 - Response time is:1876
2019-05-25 12:20:23 INFO  EmployeeRestApi:88 - *********** Checking status Line*********
2019-05-25 12:20:23 INFO  EmployeeRestApi:25 - ******* Started TC2_post*
2019-05-25 12:20:31 INFO  EmployeeRestApi:67 - 200
2019-05-25 12:20:31 INFO  EmployeeRestApi:99 - ******* Checking content type **********
2019-05-25 12:20:31 INFO  EmployeeRestApi:101 - Content type is:text/html; charset=UTF-8
2019-05-25 12:20:31 INFO  EmployeeRestApi:48 - Post Message{"name":"abcL","salary":"59912","age":"65","id":"10866"}
2019-05-25 12:20:31 INFO  EmployeeRestApi:75 - ******Checking Response Time********
2019-05-25 12:20:31 INFO  EmployeeRestApi:77 - Response time is:2078
2019-05-25 12:20:31 WARN  EmployeeRestApi:80 - Response time is greater than 2000
2019-05-25 12:20:31 INFO  EmployeeRestApi:111 - ******* End of TC3 POST **********
2019-05-25 12:23:47 INFO  EmployeeRestApi:88 - *********** Checking status Line*********
2019-05-25 12:23:47 INFO  EmployeeRestApi:25 - ******* Started TC2_post*
2019-05-25 12:23:59 INFO  EmployeeRestApi:67 - 200
2019-05-25 12:23:59 INFO  EmployeeRestApi:99 - ******* Checking content type **********
2019-05-25 12:23:59 INFO  EmployeeRestApi:101 - Content type is:text/html; charset=UTF-8
2019-05-25 12:23:59 INFO  EmployeeRestApi:48 - Post Message{"error":{"text":SQLSTATE[23000]: Integrity constraint violation: 1062 Duplicate entry 'abcT' for key 'employee_name_unique'}}
2019-05-25 12:23:59 INFO  EmployeeRestApi:75 - ******Checking Response Time********
2019-05-25 12:23:59 INFO  EmployeeRestApi:77 - Response time is:2188
2019-05-25 12:23:59 WARN  EmployeeRestApi:80 - Response time is greater than 2000
2019-05-25 12:23:59 INFO  EmployeeRestApi:111 - ******* End of TC3 POST **********
2019-05-25 12:26:47 INFO  EmployeeRestApi:88 - *********** Checking status Line*********
2019-05-25 12:26:47 INFO  EmployeeRestApi:25 - ******* Started TC2_post*
2019-05-25 12:26:52 INFO  EmployeeRestApi:67 - 200
2019-05-25 12:26:52 INFO  EmployeeRestApi:99 - ******* Checking content type **********
2019-05-25 12:26:52 INFO  EmployeeRestApi:101 - Content type is:text/html; charset=UTF-8
2019-05-25 12:26:52 INFO  EmployeeRestApi:48 - Post Message{"name":"abck","salary":"83853","age":"34","id":"10882"}
2019-05-25 12:26:52 INFO  EmployeeRestApi:75 - ******Checking Response Time********
2019-05-25 12:26:52 INFO  EmployeeRestApi:77 - Response time is:1599
2019-05-25 12:26:52 INFO  EmployeeRestApi:111 - ******* End of TC3 POST **********
2019-05-25 12:28:37 INFO  EmployeeRestApi:88 - *********** Checking status Line*********
2019-05-25 12:28:37 INFO  EmployeeRestApi:25 - ******* Started TC2_post*
2019-05-25 12:28:42 INFO  EmployeeRestApi:67 - 200
2019-05-25 12:28:42 INFO  EmployeeRestApi:99 - ******* Checking content type **********
2019-05-25 12:28:42 INFO  EmployeeRestApi:101 - Content type is:text/html; charset=UTF-8
2019-05-25 12:28:42 INFO  EmployeeRestApi:48 - Post Message{"name":"abcR","salary":"38210","age":"19","id":"10886"}
2019-05-25 12:28:42 INFO  EmployeeRestApi:75 - ******Checking Response Time********
2019-05-25 12:28:42 INFO  EmployeeRestApi:77 - Response time is:1384
2019-05-25 12:28:42 INFO  EmployeeRestApi:111 - ******* End of TC3 POST **********
2019-05-25 12:29:20 INFO  EmployeeRestApi:25 - ******* Started TC2_post*
2019-05-25 12:29:25 INFO  EmployeeRestApi:67 - 200
2019-05-25 12:29:25 INFO  EmployeeRestApi:99 - ******* Checking content type **********
2019-05-25 12:29:25 INFO  EmployeeRestApi:101 - Content type is:text/html; charset=UTF-8
2019-05-25 12:29:25 INFO  EmployeeRestApi:48 - Post Message{"name":"abcd","salary":"63963","age":"87","id":"10891"}
2019-05-25 12:29:25 INFO  EmployeeRestApi:75 - ******Checking Response Time********
2019-05-25 12:29:25 INFO  EmployeeRestApi:77 - Response time is:1387
2019-05-25 12:29:25 INFO  EmployeeRestApi:111 - ******* End of TC3 POST **********
2019-05-25 12:31:07 INFO  EmployeeRestApi:25 - ******* Started TC2_post*
2019-05-25 12:31:12 INFO  EmployeeRestApi:68 - 200
2019-05-25 12:31:12 INFO  EmployeeRestApi:100 - ******* Checking content type **********
2019-05-25 12:31:12 INFO  EmployeeRestApi:102 - Content type is:text/html; charset=UTF-8
2019-05-25 12:31:12 INFO  EmployeeRestApi:48 - Post Message{"error":{"text":SQLSTATE[23000]: Integrity constraint violation: 1062 Duplicate entry 'abcu' for key 'employee_name_unique'}}
2019-05-25 12:31:12 INFO  EmployeeRestApi:76 - ******Checking Response Time********
2019-05-25 12:31:12 INFO  EmployeeRestApi:78 - Response time is:1553
2019-05-25 12:31:12 INFO  EmployeeRestApi:112 - ******* End of TC3 POST **********
2019-05-25 12:33:41 INFO  EmployeeRestApi:25 - ******* Started TC2_post*
2019-05-25 12:33:45 INFO  EmployeeRestApi:68 - 200
2019-05-25 12:33:45 INFO  EmployeeRestApi:100 - ******* Checking content type **********
2019-05-25 12:33:45 INFO  EmployeeRestApi:102 - Content type is:text/html; charset=UTF-8
2019-05-25 12:33:45 INFO  EmployeeRestApi:48 - Post Message{"name":"abcQ","salary":"37162","age":"36","id":"10899"}
2019-05-25 12:33:45 INFO  EmployeeRestApi:76 - ******Checking Response Time********
2019-05-25 12:33:45 INFO  EmployeeRestApi:78 - Response time is:1307
2019-05-25 12:33:45 INFO  EmployeeRestApi:112 - ******* End of TC3 POST **********
2019-05-25 12:35:14 INFO  EmployeeRestApi:89 - *********** Checking status Line*********
2019-05-25 12:35:14 INFO  EmployeeRestApi:25 - ******* Started TC2_post*
2019-05-25 12:35:18 INFO  EmployeeRestApi:68 - 200
2019-05-25 12:35:18 INFO  EmployeeRestApi:100 - ******* Checking content type **********
2019-05-25 12:35:18 INFO  EmployeeRestApi:102 - Content type is:text/html; charset=UTF-8
2019-05-25 12:35:18 INFO  EmployeeRestApi:48 - Post Message{"name":"abcX","salary":"86658","age":"35","id":"10907"}
2019-05-25 12:35:18 INFO  EmployeeRestApi:76 - ******Checking Response Time********
2019-05-25 12:35:18 INFO  EmployeeRestApi:78 - Response time is:1359
2019-05-25 12:35:19 INFO  EmployeeRestApi:112 - ******* End of TC3 POST **********
2019-05-25 12:36:45 INFO  EmployeeRestApi:89 - *********** Checking status Line*********
2019-05-25 12:36:46 INFO  EmployeeRestApi:25 - ******* Started TC2_post*
2019-05-25 12:36:50 INFO  EmployeeRestApi:68 - 200
2019-05-25 12:36:50 INFO  EmployeeRestApi:100 - ******* Checking content type **********
2019-05-25 12:36:50 INFO  EmployeeRestApi:102 - Content type is:text/html; charset=UTF-8
2019-05-25 12:36:50 INFO  EmployeeRestApi:48 - Post Message{"error":{"text":SQLSTATE[23000]: Integrity constraint violation: 1062 Duplicate entry 'abcQ' for key 'employee_name_unique'}}
2019-05-25 12:36:50 INFO  EmployeeRestApi:76 - ******Checking Response Time********
2019-05-25 12:36:50 INFO  EmployeeRestApi:78 - Response time is:1335
2019-05-25 12:36:50 INFO  EmployeeRestApi:112 - ******* End of TC3 POST **********
2019-05-25 12:37:41 INFO  EmployeeRestApi:90 - *********** Checking status Line*********
2019-05-25 12:40:19 INFO  EmployeeRestApi:89 - *********** Checking status Line*********
2019-05-25 12:40:19 INFO  EmployeeRestApi:25 - ******* Started TC2_post*
2019-05-25 12:40:23 INFO  EmployeeRestApi:68 - 200
2019-05-25 12:40:23 INFO  EmployeeRestApi:101 - ******* Checking content type **********
2019-05-25 12:40:23 INFO  EmployeeRestApi:103 - Content type is:text/html; charset=UTF-8
2019-05-25 12:40:23 INFO  EmployeeRestApi:48 - Post Message{"name":"abcf","salary":"98794","age":"60","id":"10932"}
2019-05-25 12:40:23 INFO  EmployeeRestApi:76 - ******Checking Response Time********
2019-05-25 12:40:23 INFO  EmployeeRestApi:78 - Response time is:1338
2019-05-25 12:40:23 INFO  EmployeeRestApi:113 - ******* End of TC3 POST **********
2019-05-25 12:42:59 INFO  EmployeeRestApi:25 - ******* Started TC2_post*
2019-05-25 12:43:03 INFO  EmployeeRestApi:68 - 200
2019-05-25 12:43:03 INFO  EmployeeRestApi:103 - ******* Checking content type **********
2019-05-25 12:43:03 INFO  EmployeeRestApi:105 - Content type is:text/html; charset=UTF-8
2019-05-25 12:43:03 INFO  EmployeeRestApi:48 - Post Message{"error":{"text":SQLSTATE[23000]: Integrity constraint violation: 1062 Duplicate entry 'abck' for key 'employee_name_unique'}}
2019-05-25 12:43:03 INFO  EmployeeRestApi:78 - ******Checking Response Time********
2019-05-25 12:43:03 INFO  EmployeeRestApi:80 - Response time is:1580
2019-05-25 12:43:03 INFO  EmployeeRestApi:115 - ******* End of TC3 POST **********
2019-05-25 12:52:47 INFO  EmployeeRestApi:25 - ******* Started TC2_post*
2019-05-25 12:52:51 INFO  EmployeeRestApi:68 - 200
2019-05-25 12:52:51 INFO  EmployeeRestApi:103 - ******* Checking content type **********
2019-05-25 12:52:51 INFO  EmployeeRestApi:105 - Content type is:text/html; charset=UTF-8
2019-05-25 12:52:51 INFO  EmployeeRestApi:48 - Post Message{"name":"abcFW","salary":"93775","age":"76","id":"10956"}
2019-05-25 12:52:51 INFO  EmployeeRestApi:78 - ******Checking Response Time********
2019-05-25 12:52:51 INFO  EmployeeRestApi:80 - Response time is:1348
2019-05-25 12:52:51 INFO  EmployeeRestApi:115 - ******* End of TC3 POST **********
2019-05-26 05:29:09 INFO  EmployeeRestApi:17 - Get any one id
2019-05-26 05:29:11 INFO  EmployeeRestApi:21 - Emp ID:45
2019-05-26 05:29:15 INFO  EmployeeRestApi:34 - false
2019-05-26 05:30:37 INFO  EmployeeRestApi:25 - ******* Started TC2_post*
2019-05-26 05:30:41 INFO  EmployeeRestApi:68 - 200
2019-05-26 05:30:41 INFO  EmployeeRestApi:103 - ******* Checking content type **********
2019-05-26 05:30:41 INFO  EmployeeRestApi:105 - Content type is:text/html; charset=UTF-8
2019-05-26 05:30:41 INFO  EmployeeRestApi:48 - Post Message{"name":"abcLB","salary":"39030","age":"96","id":"11251"}
2019-05-26 05:30:41 INFO  EmployeeRestApi:78 - ******Checking Response Time********
2019-05-26 05:30:41 INFO  EmployeeRestApi:80 - Response time is:1428
2019-05-26 05:30:41 INFO  EmployeeRestApi:115 - ******* End of TC3 POST **********
2019-05-26 05:32:02 INFO  EmployeeRestApi:17 - Get any one id
2019-05-26 05:32:03 INFO  EmployeeRestApi:21 - Emp ID:11251
2019-05-26 05:32:07 INFO  EmployeeRestApi:34 - {"id":"11251","employee_name":"abcLB","employee_salary":"39030","employee_age":"96","profile_image":""}
2019-05-26 05:38:14 INFO  EmployeeRestApi:22 - TC4
2019-05-26 05:40:31 INFO  EmployeeRestApi:17 - Get any one id
2019-05-26 05:40:32 INFO  EmployeeRestApi:21 - Emp ID:10830
2019-05-26 05:44:08 INFO  EmployeeRestApi:18 - ****Started TC1_get******
2019-05-26 05:44:13 INFO  EmployeeRestApi:57 - *********** Checking status Line*********
2019-05-26 05:44:13 INFO  EmployeeRestApi:59 - Statusline:HTTP/1.1 200 OK
2019-05-26 05:44:13 INFO  EmployeeRestApi:36 - 200
2019-05-26 05:44:13 INFO  EmployeeRestApi:68 - ******* Checking content type **********
2019-05-26 05:44:13 INFO  EmployeeRestApi:70 - Content type is:text/html; charset=UTF-8
2019-05-26 05:44:14 INFO  EmployeeRestApi:28 - [{"id":"11164","employee_name":"Raul","employee_salary":"727","employee_age":"47","profile_image":""},{"id":"11165","employee_name":"Rahul","employee_salary":"12900","employee_age":"19","profile_image":""},{"id":"11175","employee_name":"I am Abhishek sinha","employee_salary":"20000","employee_age":"25","profile_image":""},{"id":"11179","employee_name":"test","employee_salary":"123","employee_age":"23","profile_image":""},{"id":"11184","employee_name":"rte Singh","employee_salary":"50000","employee_age":"23","profile_image":""},{"id":"11196","employee_name":"Nitesh1","employee_salary":"123","employee_age":"23","profile_image":""},{"id":"11200","employee_name":"\u0422\u0423\u0422 \u0411\u042b\u041b \u0410\u041b\u0415\u041a\u0421\u0415\u0419","employee_salary":"0","employee_age":"0","profile_image":""},{"id":"11201","employee_name":"Test Name","employee_salary":"100000","employee_age":"35","profile_image":""},{"id":"11204","employee_name":"test1","employee_salary":"123","employee_age":"23","profile_image":""},{"id":"11206","employee_name":"Test Name1","employee_salary":"100000","employee_age":"35","profile_image":""},{"id":"11209","employee_name":"Test Name123","employee_salary":"100000","employee_age":"35","profile_image":""},{"id":"11210","employee_name":"Name123","employee_salary":"100000","employee_age":"35","profile_image":""},{"id":"11211","employee_name":"Name100","employee_salary":"100000","employee_age":"35","profile_image":""},{"id":"11212","employee_name":"test11","employee_salary":"123","employee_age":"23","profile_image":""},{"id":"11213","employee_name":"Amit Negi111","employee_salary":"123456","employee_age":"44","profile_image":""},{"id":"11216","employee_name":"Name101","employee_salary":"100000","employee_age":"35","profile_image":""},{"id":"11217","employee_name":"dummy05","employee_salary":"500000","employee_age":"38","profile_image":""},{"id":"11218","employee_name":"dummy06","employee_salary":"100000","employee_age":"30","profile_image":""},{"id":"11224","employee_name":"Mango Minggi","employee_salary":"3422","employee_age":"66","profile_image":""},{"id":"11230","employee_name":"irum","employee_salary":"123","employee_age":"23","profile_image":""},{"id":"11233","employee_name":"87761","employee_salary":"123","employee_age":"23","profile_image":""},{"id":"11236","employee_name":"kasun","employee_salary":"123","employee_age":"23","profile_image":""},{"id":"11241","employee_name":"ztestd;ls","employee_salary":"99999","employee_age":"23","profile_image":""},{"id":"11245","employee_name":"sree","employee_salary":"3000","employee_age":"30","profile_image":""},{"id":"11248","employee_name":"testEEEEEE","employee_salary":"123","employee_age":"23","profile_image":""},{"id":"11251","employee_name":"abcLB","employee_salary":"39030","employee_age":"96","profile_image":""},{"id":"11252","employee_name":"suranjan","employee_salary":"1000","employee_age":"30","profile_image":""}]
2019-05-26 05:44:14 INFO  EmployeeRestApi:44 - ******Checking Response Time********
2019-05-26 05:44:14 INFO  EmployeeRestApi:46 - Response time is:4062
2019-05-26 05:44:14 WARN  EmployeeRestApi:49 - Response time is greater than 2000
